<?xml version="1.0" encoding="UTF-8"?>
<!-- Generated by org.testng.reporters.JUnitXMLReporter -->
<testsuite ignored="0" hostname="DESKTOP-63T8UJL" failures="0" tests="6" name="Surefire test" time="0.082" errors="0" timestamp="2022-03-19T19:43:05 IST">
  <testcase classname="com.seleniumPractice.ChromeDevToolsTest" name="@BeforeClass initDriverAndDevTools" time="0.051">
    <failure type="java.lang.IllegalStateException" message="The path to the driver executable must be set by the webdriver.chrome.driver system property; for more information, see https://github.com/SeleniumHQ/selenium/wiki/ChromeDriver. The latest version can be downloaded from http://chromedriver.storage.googleapis.com/index.html">
      <![CDATA[java.lang.IllegalStateException: The path to the driver executable must be set by the webdriver.chrome.driver system property; for more information, see https://github.com/SeleniumHQ/selenium/wiki/ChromeDriver. The latest version can be downloaded from http://chromedriver.storage.googleapis.com/index.html
at com.google.common.base.Preconditions.checkState(Preconditions.java:843)
at org.openqa.selenium.remote.service.DriverService.findExecutable(DriverService.java:135)
at org.openqa.selenium.chrome.ChromeDriverService.access$000(ChromeDriverService.java:35)
at org.openqa.selenium.chrome.ChromeDriverService$Builder.findDefaultExecutable(ChromeDriverService.java:177)
at org.openqa.selenium.remote.service.DriverService$Builder.build(DriverService.java:363)
at org.openqa.selenium.chrome.ChromeDriverService.createDefaultService(ChromeDriverService.java:100)
at org.openqa.selenium.chrome.ChromeDriver.<init>(ChromeDriver.java:105)
at com.seleniumPractice.ChromeDevToolsTest.initDriverAndDevTools(ChromeDevToolsTest.java:29)
at java.base/java.util.ArrayList.forEach(ArrayList.java:1511)
... Removed 30 stack frames]]>
    </failure>
  </testcase> <!-- @BeforeClass initDriverAndDevTools -->
  <testcase classname="com.seleniumPractice.ChromeDevToolsTest" name="@AfterClass driverQuit" time="-1.647699185517E9">
    <skipped/>
  </testcase> <!-- @AfterClass driverQuit -->
  <testcase classname="com.seleniumPractice.ChromeDevToolsTest" name="addCustomHeaders" time="0.0">
    <skipped/>
  </testcase> <!-- addCustomHeaders -->
  <testcase classname="com.seleniumPractice.ChromeDevToolsTest" name="filterUrls" time="0.0">
    <skipped/>
  </testcase> <!-- filterUrls -->
  <testcase classname="com.seleniumPractice.ChromeDevToolsTest" name="genericGetBrowserVersion" time="0.0">
    <skipped/>
  </testcase> <!-- genericGetBrowserVersion -->
  <testcase classname="com.seleniumPractice.ChromeDevToolsTest" name="interceptRequestAndContinue" time="0.0">
    <skipped/>
  </testcase> <!-- interceptRequestAndContinue -->
  <testcase classname="com.seleniumPractice.ChromeDevToolsTest" name="loadInsecureWebsite" time="0.0">
    <skipped/>
  </testcase> <!-- loadInsecureWebsite -->
  <testcase classname="com.seleniumPractice.ChromeDevToolsTest" name="verifyConsoleMessageAdded" time="0.0">
    <skipped/>
  </testcase> <!-- verifyConsoleMessageAdded -->
</testsuite> <!-- Surefire test -->
